nsgmls:sgml/HTML4.decl:23:32:W: characters in the document character set with numbers exceeding 65535 not supported
nsgmls:sgml/HTML4.decl:23:32:W: characters in the document character set with numbers exceeding 65535 not supported
nsgmls:sgml/HTML4.decl:23:32:W: characters in the document character set with numbers exceeding 65535 not supported
nsgmls:sgml/HTML4.decl:23:32:W: characters in the document character set with numbers exceeding 65535 not supported
nsgmls:sgml/HTML4.decl:23:32:W: characters in the document character set with numbers exceeding 65535 not supported
nsgmls:sgml/HTML4.decl:23:32:W: characters in the document character set with numbers exceeding 65535 not supported
nsgmls:sgml/HTML4.decl:23:32:W: characters in the document character set with numbers exceeding 65535 not supported
nsgmls:sgml/HTML4.decl:23:32:W: characters in the document character set with numbers exceeding 65535 not supported
nsgmls:sgml/HTML4.decl:23:32:W: characters in the document character set with numbers exceeding 65535 not supported
nsgmls:sgml/HTML4.decl:23:32:W: characters in the document character set with numbers exceeding 65535 not supported
nsgmls:sgml/HTML4.decl:23:32:W: characters in the document character set with numbers exceeding 65535 not supported
nsgmls:sgml/HTML4.decl:23:32:W: characters in the document character set with numbers exceeding 65535 not supported
nsgmls:sgml/HTML4.decl:23:32:W: characters in the document character set with numbers exceeding 65535 not supported
nsgmls:sgml/HTML4.decl:23:32:W: characters in the document character set with numbers exceeding 65535 not supported
nsgmls:sgml/HTML4.decl:23:32:W: characters in the document character set with numbers exceeding 65535 not supported
nsgmls:sgml/HTML4.decl:23:32:W: characters in the document character set with numbers exceeding 65535 not supported
nsgmls:sgml/HTML4.decl:23:32:W: characters in the document character set with numbers exceeding 65535 not supported
nsgmls:sgml/HTML4.decl:23:32:W: characters in the document character set with numbers exceeding 65535 not supported
nsgmls:sgml/HTML4.decl:23:32:W: characters in the document character set with numbers exceeding 65535 not supported
nsgmls:sgml/HTML4.decl:23:32:W: characters in the document character set with numbers exceeding 65535 not supported
nsgmls:sgml/HTML4.decl:23:32:W: characters in the document character set with numbers exceeding 65535 not supported
nsgmls:sgml/HTML4.decl:23:32:W: characters in the document character set with numbers exceeding 65535 not supported
nsgmls:sgml/HTML4.decl:23:32:W: characters in the document character set with numbers exceeding 65535 not supported
nsgmls:sgml/HTML4.decl:23:32:W: characters in the document character set with numbers exceeding 65535 not supported
nsgmls:sgml/HTML4.decl:23:32:W: characters in the document character set with numbers exceeding 65535 not supported
nsgmls:sgml/HTML4.decl:23:32:W: characters in the document character set with numbers exceeding 65535 not supported
nsgmls:build/selector.src_xampl25.2.html:6:17:E: element "P:FIRST-LETTER" undefined
nsgmls:sgml/HTML4.decl:23:32:W: characters in the document character set with numbers exceeding 65535 not supported
nsgmls:sgml/HTML4.decl:23:32:W: characters in the document character set with numbers exceeding 65535 not supported
nsgmls:sgml/HTML4.decl:23:32:W: characters in the document character set with numbers exceeding 65535 not supported
nsgmls:sgml/HTML4.decl:23:32:W: characters in the document character set with numbers exceeding 65535 not supported
nsgmls:sgml/HTML4.decl:23:32:W: characters in the document character set with numbers exceeding 65535 not supported
nsgmls:sgml/HTML4.decl:23:32:W: characters in the document character set with numbers exceeding 65535 not supported
nsgmls:sgml/HTML4.decl:23:32:W: characters in the document character set with numbers exceeding 65535 not supported
nsgmls:build/syndata.src_xampl21.0.html:4:33:E: "FC" is not a function name
nsgmls:sgml/HTML4.decl:23:32:W: characters in the document character set with numbers exceeding 65535 not supported
nsgmls:sgml/HTML4.decl:23:32:W: characters in the document character set with numbers exceeding 65535 not supported
nsgmls:sgml/HTML4.decl:23:32:W: characters in the document character set with numbers exceeding 65535 not supported
nsgmls:sgml/HTML4.decl:23:32:W: characters in the document character set with numbers exceeding 65535 not supported
nsgmls:sgml/HTML4.decl:23:32:W: characters in the document character set with numbers exceeding 65535 not supported
nsgmls:sgml/HTML4.decl:23:32:W: characters in the document character set with numbers exceeding 65535 not supported
nsgmls:sgml/HTML4.decl:23:32:W: characters in the document character set with numbers exceeding 65535 not supported
nsgmls:sgml/HTML4.decl:23:32:W: characters in the document character set with numbers exceeding 65535 not supported
nsgmls:sgml/HTML4.decl:23:32:W: characters in the document character set with numbers exceeding 65535 not supported
nsgmls:sgml/HTML4.decl:23:32:W: characters in the document character set with numbers exceeding 65535 not supported
nsgmls:sgml/HTML4.decl:23:32:W: characters in the document character set with numbers exceeding 65535 not supported
nsgmls:sgml/HTML4.decl:23:32:W: characters in the document character set with numbers exceeding 65535 not supported
nsgmls:sgml/HTML4.decl:23:32:W: characters in the document character set with numbers exceeding 65535 not supported
nsgmls:sgml/HTML4.decl:23:32:W: characters in the document character set with numbers exceeding 65535 not supported
nsgmls:sgml/HTML4.decl:23:32:W: characters in the document character set with numbers exceeding 65535 not supported
nsgmls:sgml/HTML4.decl:23:32:W: characters in the document character set with numbers exceeding 65535 not supported
nsgmls:sgml/HTML4.decl:23:32:W: characters in the document character set with numbers exceeding 65535 not supported
nsgmls:sgml/HTML4.decl:23:32:W: characters in the document character set with numbers exceeding 65535 not supported
nsgmls:sgml/HTML4.decl:23:32:W: characters in the document character set with numbers exceeding 65535 not supported
nsgmls:sgml/HTML4.decl:23:32:W: characters in the document character set with numbers exceeding 65535 not supported
nsgmls:sgml/HTML4.decl:23:32:W: characters in the document character set with numbers exceeding 65535 not supported
nsgmls:sgml/HTML4.decl:23:32:W: characters in the document character set with numbers exceeding 65535 not supported
nsgmls:sgml/HTML4.decl:23:32:W: characters in the document character set with numbers exceeding 65535 not supported
nsgmls:sgml/HTML4.decl:23:32:W: characters in the document character set with numbers exceeding 65535 not supported
file : /home/ian/CVS-local/WWW/Style/Group/css2-src/build/about.src_xampl1.1.css 
H1 {
  font: bold 12.0pt/14.0pt Helvetica; 
}

file : /home/ian/CVS-local/WWW/Style/Group/css2-src/build/about.src_xampl1.2.css 
H1 {
  font: bold 12.0pt/14.0pt Helvetica; 
}

file : /home/ian/CVS-local/WWW/Style/Group/css2-src/build/aural.src_xampl1.1.css 
H1 {
  pause: 20.0ms 20.0ms; 
}
H2 {
  pause: 30.0ms 40.0ms; 
}
H3 {
  pause-after: 10.0ms; 
}

file : /home/ian/CVS-local/WWW/Style/Group/css2-src/build/aural.src_xampl2.1.css 
No error or warning found
A {
  cue: url(bell.aiff) url(dong.wav); 
}
H1 {
  cue: url(pop.au) url(pop.au); 
}

file : /home/ian/CVS-local/WWW/Style/Group/css2-src/build/aural.src_xampl3.1.css 
H1 {
  cue: url(pop.au) url(pop.au); 
}

file : /home/ian/CVS-local/WWW/Style/Group/css2-src/build/aural.src_xampl4.1.css 
No error or warning found
BLOCKQUOTE Q {
  play-during: url(harp.wav) mix; 
}
BLOCKQUOTE.sad {
  play-during: url(violins.aiff); 
}
SPAN.quiet {
  play-during: none; 
}

file : /home/ian/CVS-local/WWW/Style/Group/css2-src/build/aural.src_xampl5.1.css 
No error or warning found
#12 {
  azimuth: 90.0deg; 
}
H1 {
  azimuth: 30.0deg; 
}
P.comment {
  azimuth: 180.0deg; 
}
TD.a {
  azimuth: 60.0deg; 
}

file : /home/ian/CVS-local/WWW/Style/Group/css2-src/build/aural.src_xampl6.1.css 
No error or warning found
H1 {
  elevation: 50.0deg; 
}
TR.a {
  elevation: 60.0deg; 
}
TR.b {
  elevation: 30.0deg; 
}
TR.c {
  elevation: 30.0deg; 
}

file : /home/ian/CVS-local/WWW/Style/Group/css2-src/build/aural.src_xampl7.1.css 
No error or warning found
H1 {
  voice-family: announcer, male; 
}
P.juliet {
  voice-family: juliet, female; 
}
P.romeo {
  voice-family: romeo, male; 
}

file : /home/ian/CVS-local/WWW/Style/Group/css2-src/build/cascade.src_xampl1.1.css 
No error or warning found
HTML {
  font-size: 120.0%; 
}

file : /home/ian/CVS-local/WWW/Style/Group/css2-src/build/cascade.src_xampl3.1.css 
BODY {
  color: black; 
  background: white url(texture.gif); 
}

file : /home/ian/CVS-local/WWW/Style/Group/css2-src/build/cascade.src_xampl4.1.css 
No error or warning found
BODY {
  font-size: 10.0pt; 
}
H1 {
  font-size: 120.0%; 
}

file : /home/ian/CVS-local/WWW/Style/Group/css2-src/build/cascade.src_xampl5.1.css 
H1 {
  color: black !important; 
  background: white !important; 
}
P {
  font-style: italic; 
  font-size: 12.0pt !important; 
}

file : /home/ian/CVS-local/WWW/Style/Group/css2-src/build/cascade.src_xampl6.1.css 
No error or warning found

file : /home/ian/CVS-local/WWW/Style/Group/css2-src/build/colors.src_xampl1.1.css 
EM {
  color: rgb(255,0,0); 
}

file : /home/ian/CVS-local/WWW/Style/Group/css2-src/build/colors.src_xampl3.1.css 
H1 {
  background-color: rgb(255,0,0); 
}

java.lang.NullPointerException: 
	at CSS.Properties.CssBackgroundImage.toString(CssBackgroundImage.java:100)
	at CSS.CSS.StyleSheetGenerator.print(StyleSheetGenerator.java:199)
	at CSS.Properties.CssProperty.print(CssProperty.java:135)
	at CSS.Properties.CssBackground.print(CssBackground.java:252)
	at CSS.Properties.Css1Style.print(Css1Style.java:904)
	at CSS.ACssProperties.ACssStyle.print(ACssStyle.java:281)
	at CSS.CSS.StyleSheetGenerator.produceDeclaration(StyleSheetGenerator.java:193)
	at CSS.CSS.StyleSheetGenerator.processStyle(StyleSheetGenerator.java:411)
	at CSS.CSS.StyleSheetGenerator.produceRule(StyleSheetGenerator.java:154)
	at CSS.CSS.StyleSheetGenerator.processStyle(StyleSheetGenerator.java:385)
	at CSS.CSS.StyleSheetGenerator.processSimple(StyleSheetGenerator.java:370)
	at CSS.CSS.StyleSheetGenerator.print(StyleSheetGenerator.java:137)
	at CSS.CSS.StyleSheetCom.main(StyleSheetCom.java:104)
file : /home/ian/CVS-local/WWW/Style/Group/css2-src/build/colors.src_xampl4.1.css 
No error or warning found
BODY {
  background-image: url(marble.gif); 
}
P {
}

file : /home/ian/CVS-local/WWW/Style/Group/css2-src/build/colors.src_xampl5.1.css 
BODY {
  background: red url(pendant.gif) repeat-y; 
}

file : /home/ian/CVS-local/WWW/Style/Group/css2-src/build/colors.src_xampl6.1.css 
BODY {
  background: red url(pendant.gif) repeat-y fixed; 
}

file : /home/ian/CVS-local/WWW/Style/Group/css2-src/build/colors.src_xampl7.1.css 
BODY {
  background: url(banner.jpeg) 50.0% 100.0%; 
}

file : /home/ian/CVS-local/WWW/Style/Group/css2-src/build/colors.src_xampl8.1.css 
No error or warning found
BODY {
  background-image: url(logo.png); 
  background-attachment: fixed; 
  background-position: 100.0% 100.0%; 
}

file : /home/ian/CVS-local/WWW/Style/Group/css2-src/build/colors.src_xampl9.1.css 
BODY {
  background: red; 
}
P {
  background: gray url(chess.png) fixed 50.0% 50.0%; 
}

file : /home/ian/CVS-local/WWW/Style/Group/css2-src/build/fonts.src_xampl1.1.css 
No error or warning found
BODY {
  font-family: Baskerville, Heisi Mincho W3, Symbol, serif; 
}

file : /home/ian/CVS-local/WWW/Style/Group/css2-src/build/fonts.src_xampl12.1.css 

URL : file:/home/ian/CVS-local/WWW/Style/Group/css2-src/build/fonts.src_xampl12.1.css
 Line : 1 Parse error - unrecognized :  U+4E00-4E1F 1736 1874 1692



file : /home/ian/CVS-local/WWW/Style/Group/css2-src/build/fonts.src_xampl13.1.css 

URL : file:/home/ian/CVS-local/WWW/Style/Group/css2-src/build/fonts.src_xampl13.1.css
 Line : 3  Property src doesn't exist
 Line : 4  Property panose-1 doesn't exist
 Line : 6  Too many values, or values are incorrect
 Line : 7  Too many values, or values are incorrect



file : /home/ian/CVS-local/WWW/Style/Group/css2-src/build/fonts.src_xampl14.1.css 

URL : file:/home/ian/CVS-local/WWW/Style/Group/css2-src/build/fonts.src_xampl14.1.css
 Line : 3  Property src doesn't exist
 Line : 9  Property src doesn't exist
 Line : 12  Property slope doesn't exist



file : /home/ian/CVS-local/WWW/Style/Group/css2-src/build/fonts.src_xampl15.1.css 

URL : file:/home/ian/CVS-local/WWW/Style/Group/css2-src/build/fonts.src_xampl15.1.css
 Line : 3  Property src doesn't exist
 Line : 4  Property unicode-range doesn't exist
 Line : 8  Property src doesn't exist
 Line : 9  Property unicode-range doesn't exist
 Line : 13  Property src doesn't exist
 Line : 14  Property unicode-range doesn't exist
 Line : 18  Property src doesn't exist
 Line : 19  Property unicode-range doesn't exist



file : /home/ian/CVS-local/WWW/Style/Group/css2-src/build/fonts.src_xampl16.1.css 

URL : file:/home/ian/CVS-local/WWW/Style/Group/css2-src/build/fonts.src_xampl16.1.css
 Line : 6  Property src doesn't exist
 Line : 8  Too many values, or values are incorrect
 Line : 11  all is not a font-size value



file : /home/ian/CVS-local/WWW/Style/Group/css2-src/build/fonts.src_xampl3.1.css 
No error or warning found
H1 {
  font-style: italic; 
}
H1 EM {
  font-style: normal; 
}
H2 {
  font-style: italic; 
}
H3 {
  font-style: italic; 
}

file : /home/ian/CVS-local/WWW/Style/Group/css2-src/build/fonts.src_xampl4.1.css 
No error or warning found
EM {
  font-style: oblique; 
}
H3 {
  font-variant: small-caps; 
}

file : /home/ian/CVS-local/WWW/Style/Group/css2-src/build/fonts.src_xampl5.1.css 
No error or warning found
BODY {
  font-weight: 400; 
}
H1 {
  font-weight: 700; 
}
P {
  font-weight: normal; 
}
STRONG {
  font-weight: bolder; 
}

file : /home/ian/CVS-local/WWW/Style/Group/css2-src/build/fonts.src_xampl8.1.css 
BLOCKQUOTE {
  font-size: larger; 
}
EM {
  font-size: 1.5em; 
}
P {
  font-size: 12.0pt; 
}

file : /home/ian/CVS-local/WWW/Style/Group/css2-src/build/fonts.src_xampl9.1.css 
P {
  font: small-caps 120.0%/120.0% fantasy; 
}

URL : file:/home/ian/CVS-local/WWW/Style/Group/css2-src/build/fonts.src_xampl9.1.css
 Line : 6  messagebox is not a font-size value
 Line : 7  smallcaption is not a font-size value



file : /home/ian/CVS-local/WWW/Style/Group/css2-src/build/generate.src_xampl1.1.css 
Q:after {
  color: red; 
}
Q:before {
  color: red; 
}

URL : file:/home/ian/CVS-local/WWW/Style/Group/css2-src/build/generate.src_xampl1.1.css
 Line : 2  Property content doesn't exist



file : /home/ian/CVS-local/WWW/Style/Group/css2-src/build/generate.src_xampl2.1.css 
BODY:after {
  text-align: center; 
  margin-top: 2.0em; 
}

URL : file:/home/ian/CVS-local/WWW/Style/Group/css2-src/build/generate.src_xampl2.1.css
 Line : 2  Property content doesn't exist



file : /home/ian/CVS-local/WWW/Style/Group/css2-src/build/generate.src_xampl3.1.css 
H1:before {
}

URL : file:/home/ian/CVS-local/WWW/Style/Group/css2-src/build/generate.src_xampl3.1.css
 Line : 3  Property content doesn't exist



file : /home/ian/CVS-local/WWW/Style/Group/css2-src/build/generate.src_xampl4.0.css 
No error or warning found

file : /home/ian/CVS-local/WWW/Style/Group/css2-src/build/intro.src_xampl2.0.css 
H1 {
  color: blue; 
}

file : /home/ian/CVS-local/WWW/Style/Group/css2-src/build/intro.src_xampl6.0.css 
No error or warning found
UL {
  list-style-image: url(bach.png); 
}

file : /home/ian/CVS-local/WWW/Style/Group/css2-src/build/intro.src_xampl8.0.css 
ARTICLE {
}
AUTHOR {
}
HEADLINE {
}
INSTRUMENT {
  display: inline; 
}
LOCATION {
}
PARA {
}

file : /home/ian/CVS-local/WWW/Style/Group/css2-src/build/intro.src_xampl9.0.css 
ARTICLE {
}
AUTHOR {
  font-style: italic; 
}
HEADLINE {
  font-size: 1.5em; 
}
INSTRUMENT {
  display: inline; 
}
LOCATION {
}
PARA {
}

file : /home/ian/CVS-local/WWW/Style/Group/css2-src/build/lists.src_xampl10.1.css 
No error or warning found
UL {
  list-style: disc url(http://png.com/ellipse.png); 
}

file : /home/ian/CVS-local/WWW/Style/Group/css2-src/build/lists.src_xampl3.1.css 
No error or warning found
UL {
  list-style-image: url(http://png.com/ellipse.png); 
}

file : /home/ian/CVS-local/WWW/Style/Group/css2-src/build/lists.src_xampl5.1.css 
No error or warning found
UL {
  list-style: upper-roman inside; 
}
UL UL {
  list-style: circle; 
}

file : /home/ian/CVS-local/WWW/Style/Group/css2-src/build/lists.src_xampl6.0.css 
OL.alpha LI {
  list-style: lower-alpha; 
}

file : /home/ian/CVS-local/WWW/Style/Group/css2-src/build/lists.src_xampl8.0.css 
No error or warning found
OL.alpha LI {
  list-style: lower-alpha; 
}
UL LI {
  list-style: disc; 
}

file : /home/ian/CVS-local/WWW/Style/Group/css2-src/build/lists.src_xampl9.0.css 
No error or warning found
OL.alpha {
  list-style: lower-alpha; 
}
UL {
  list-style: disc; 
}

file : /home/ian/CVS-local/WWW/Style/Group/css2-src/build/media.src_xampl1.1.css 

URL : file:/home/ian/CVS-local/WWW/Style/Group/css2-src/build/media.src_xampl1.1.css
 Line : 1 File not found /home/ian/CVS-local/WWW/Style/Group/css2-src/build/loudvoice.css



file : /home/ian/CVS-local/WWW/Style/Group/css2-src/build/media.src_xampl3.0.css 
BODY {
  font-size: 12.0pt; 
  line-height: 1.2; 
}

file : /home/ian/CVS-local/WWW/Style/Group/css2-src/build/media.src_xampl4.1.css 

URL : file:/home/ian/CVS-local/WWW/Style/Group/css2-src/build/media.src_xampl4.1.css
 Line : 1 File not found /home/ian/CVS-local/WWW/Style/Group/css2-src/build/fineprint.css
 Line : 2 File not found /home/ian/CVS-local/WWW/Style/Group/css2-src/build/bluish.css



file : /home/ian/CVS-local/WWW/Style/Group/css2-src/build/page.src_xampl1.1.css 
No error or warning found

file : /home/ian/CVS-local/WWW/Style/Group/css2-src/build/page.src_xampl2.1.css 

URL : file:/home/ian/CVS-local/WWW/Style/Group/css2-src/build/page.src_xampl2.1.css
 Line : 2  Property size doesn't exist



file : /home/ian/CVS-local/WWW/Style/Group/css2-src/build/page.src_xampl3.1.css 

URL : file:/home/ian/CVS-local/WWW/Style/Group/css2-src/build/page.src_xampl3.1.css
 Line : 2  Property size doesn't exist



file : /home/ian/CVS-local/WWW/Style/Group/css2-src/build/page.src_xampl4.1.css 
No error or warning found

file : /home/ian/CVS-local/WWW/Style/Group/css2-src/build/page.src_xampl5.1.css 
No error or warning found

file : /home/ian/CVS-local/WWW/Style/Group/css2-src/build/page.src_xampl7.1.css 
No error or warning found

file : /home/ian/CVS-local/WWW/Style/Group/css2-src/build/sample.src_xampl1.0.css 
A {
  text-decoration: none; 
  margin: 0.0; 
  padding: 0.0; 
  border-width: 0.0; 
  border-style: none; 
  display: inline; 
  list-style: disc; 
}
A:active {
  voice-family: betty; 
  pitch: 226.0Hz; 
}
A:link {
  voice-family: harry; 
}
A:visited {
  voice-family: betty; 
}
ABBR {
  font-variant: small-caps; 
  letter-spacing: 0.1em; 
  text-decoration: none; 
  margin: 0.0; 
  padding: 0.0; 
  border-width: 0.0; 
  border-style: none; 
  display: inline; 
  list-style: disc; 
}
ACRONYM {
  font-variant: small-caps; 
  letter-spacing: 0.1em; 
  text-decoration: none; 
  margin: 0.0; 
  padding: 0.0; 
  border-width: 0.0; 
  border-style: none; 
  display: inline; 
  list-style: disc; 
}
ADDRESS {
  font-style: italic; 
  text-decoration: none; 
  margin: 0.0; 
  padding: 0.0; 
  border-width: 0.0; 
  border-style: none; 
  list-style: disc; 
}
APPLET {
  text-decoration: none; 
  margin: 0.0; 
  padding: 0.0; 
  border-width: 0.0; 
  border-style: none; 
  list-style: disc; 
}
B {
  font-weight: bolder; 
  text-decoration: none; 
  margin: 0.0; 
  padding: 0.0; 
  border-width: 0.0; 
  border-style: none; 
  display: inline; 
  list-style: disc; 
  pitch: 113.0Hz; 
}
BASEFONT {
  text-decoration: none; 
  margin: 0.0; 
  padding: 0.0; 
  border-width: 0.0; 
  border-style: none; 
  display: inline; 
  list-style: disc; 
}
BDO {
  text-decoration: none; 
  margin: 0.0; 
  padding: 0.0; 
  border-width: 0.0; 
  border-style: none; 
  display: inline; 
  list-style: disc; 
}
BIG {
  font-size: 1.17em; 
  text-decoration: none; 
  margin: 0.0; 
  padding: 0.0; 
  border-width: 0.0; 
  border-style: none; 
  display: inline; 
  list-style: disc; 
}
BLOCKQUOTE {
  text-decoration: none; 
  margin: 1.33em 40.0px; 
  padding: 0.0; 
  border-width: 0.0; 
  border-style: none; 
  list-style: disc; 
}
BODY {
  font-size: 1.0em; 
  line-height: 1.33em; 
  background: -8.0px -8.0px; 
  word-spacing: normal; 
  letter-spacing: normal; 
  text-decoration: none; 
  text-transform: none; 
  text-align: left; 
  text-align: 0.0; 
  margin: 8.0px; 
  padding: 0.0; 
  border-width: 0.0; 
  border-style: none; 
  white-space: normal; 
  list-style: disc; 
}
BUTTON {
  text-decoration: none; 
  margin: 0.0; 
  padding: 0.0; 
  border-width: 0.0; 
  border-style: none; 
  display: inline; 
  list-style: disc; 
}
CAPTION {
  font-size: 1.0em; 
  line-height: 1.33em; 
  color: black; 
  word-spacing: normal; 
  letter-spacing: normal; 
  text-decoration: none; 
  text-transform: none; 
  text-align: center; 
  text-align: 0.0; 
  margin: 1.0px; 
  padding: 1.0px; 
  border-width: medium; 
  border-style: none; 
  display: inline; 
  white-space: normal; 
}
CENTER {
  text-decoration: none; 
  text-align: center; 
  margin: 0.0; 
  padding: 0.0; 
  border-width: 0.0; 
  border-style: none; 
  list-style: disc; 
}
CITE {
  font-style: italic; 
  text-decoration: none; 
  margin: 0.0; 
  padding: 0.0; 
  border-width: 0.0; 
  border-style: none; 
  display: inline; 
  list-style: disc; 
}
CODE {
  font-family: monospace; 
  text-decoration: none; 
  margin: 0.0; 
  padding: 0.0; 
  border-width: 0.0; 
  border-style: none; 
  display: inline; 
  list-style: disc; 
  pitch: 113.0Hz; 
  pitch-range: 0.0%; 
  stress: 0.0%; 
}
COL {
  text-decoration: none; 
  margin: 1.0px; 
  padding: 1.0px; 
  border-width: medium; 
  border-style: none; 
}
COLGROUP {
  text-decoration: none; 
  margin: 1.0px; 
  padding: 1.0px; 
  border-width: medium; 
  border-style: none; 
}
DD {
  text-decoration: none; 
  margin: 0.0 0.0 0.0 40.0px; 
  padding: 0.0; 
  border-width: 0.0; 
  border-style: none; 
  list-style: disc; 
  pitch: 113.0Hz; 
}
DEL {
  text-decoration: line-through; 
  margin: 0.0; 
  padding: 0.0; 
  border-width: 0.0; 
  border-style: none; 
  display: inline; 
  list-style: disc; 
}
DFN {
  text-decoration: none; 
  margin: 0.0; 
  padding: 0.0; 
  border-width: 0.0; 
  border-style: none; 
  display: inline; 
  list-style: disc; 
  pitch: 170.0Hz; 
}
DIR {
  text-decoration: none; 
  margin: 1.33em 0.0 1.33em 40.0px; 
  padding: 0.0; 
  border-width: 0.0; 
  border-style: none; 
  list-style: disc; 
}
DIV {
  text-decoration: none; 
  margin: 0.0; 
  padding: 0.0; 
  border-width: 0.0; 
  border-style: none; 
  list-style: disc; 
}
DL {
  text-decoration: none; 
  margin: 1.33em 0.0; 
  padding: 0.0; 
  border-width: 0.0; 
  border-style: none; 
  list-style: disc; 
}
DT {
  text-decoration: none; 
  margin: 0.0; 
  padding: 0.0; 
  border-width: 0.0; 
  border-style: none; 
  list-style: disc; 
  pitch: 113.0Hz; 
}
EM {
  font-style: italic; 
  text-decoration: none; 
  margin: 0.0; 
  padding: 0.0; 
  border-width: 0.0; 
  border-style: none; 
  display: inline; 
  list-style: disc; 
  pitch: 113.0Hz; 
}
FIELDSET {
  text-decoration: none; 
  margin: 0.0; 
  padding: 0.0; 
  border-width: 0.0; 
  border-style: none; 
  list-style: disc; 
}
FONT {
  text-decoration: none; 
  margin: 0.0; 
  padding: 0.0; 
  border-width: 0.0; 
  border-style: none; 
  display: inline; 
  list-style: disc; 
}
FORM {
  text-decoration: none; 
  margin: 0.0; 
  padding: 0.0; 
  border-width: 0.0; 
  border-style: none; 
  list-style: disc; 
}
FRAME {
}
FRAMESET H1 {
}
H1 {
  font-weight: bolder; 
  font-size: 2.0em; 
  text-decoration: none; 
  margin: 0.67em 0.0; 
  padding: 0.0; 
  border-width: 0.0; 
  border-style: none; 
  list-style: disc; 
  voice-family: paul; 
  pitch: 56.0Hz; 
}
H2 {
  font-weight: bolder; 
  font-size: 1.5em; 
  text-decoration: none; 
  margin: 0.83em 0.0; 
  padding: 0.0; 
  border-width: 0.0; 
  border-style: none; 
  list-style: disc; 
  voice-family: paul; 
  pitch: 56.0Hz; 
}
H3 {
  font-weight: bolder; 
  font-size: 1.17em; 
  line-height: 1.17em; 
  text-decoration: none; 
  margin: 1.0em 0.0; 
  padding: 0.0; 
  border-width: 0.0; 
  border-style: none; 
  list-style: disc; 
  voice-family: paul; 
  pitch: 85.0Hz; 
}
H4 {
  font-weight: bolder; 
  text-decoration: none; 
  margin: 1.33em 0.0; 
  padding: 0.0; 
  border-width: 0.0; 
  border-style: none; 
  list-style: disc; 
  voice-family: paul; 
  pitch: 113.0Hz; 
}
H5 {
  font-weight: bolder; 
  font-size: 0.83em; 
  line-height: 1.17em; 
  text-decoration: none; 
  margin: 1.67em 0.0; 
  padding: 0.0; 
  border-width: 0.0; 
  border-style: none; 
  list-style: disc; 
  voice-family: paul; 
  pitch: 113.0Hz; 
}
H6 {
  font-weight: bolder; 
  font-size: 0.67em; 
  text-decoration: none; 
  margin: 2.33em 0.0; 
  padding: 0.0; 
  border-width: 0.0; 
  border-style: none; 
  list-style: disc; 
  voice-family: paul; 
  pitch: 113.0Hz; 
}
HEAD {
  display: none; 
}
HR {
  text-decoration: none; 
  margin: 0.0; 
  padding: 0.0; 
  border-width: 1.0px; 
  border-style: inset; 
  list-style: disc; 
}
I {
  font-style: italic; 
  text-decoration: none; 
  margin: 0.0; 
  padding: 0.0; 
  border-width: 0.0; 
  border-style: none; 
  display: inline; 
  list-style: disc; 
  pitch: 113.0Hz; 
}
IFRAME {
  text-decoration: none; 
  margin: 0.0; 
  padding: 0.0; 
  border-width: 0.0; 
  border-style: none; 
  list-style: disc; 
}
IMG {
  text-decoration: none; 
  margin: 0.0; 
  padding: 0.0; 
  border-width: 0.0; 
  border-style: none; 
  display: inline; 
  list-style: disc; 
}
INPUT {
  display: inline; 
}
INS {
  text-decoration: underline; 
  margin: 0.0; 
  padding: 0.0; 
  border-width: 0.0; 
  border-style: none; 
  display: inline; 
  list-style: disc; 
}
ISINDEX {
  display: inline; 
}
KBD {
  font-family: monospace; 
  text-decoration: none; 
  margin: 0.0; 
  padding: 0.0; 
  border-width: 0.0; 
  border-style: none; 
  display: inline; 
  list-style: disc; 
}
KEY {
  pitch: 113.0Hz; 
  pitch-range: 0.0%; 
  stress: 0.0%; 
}
LABEL {
  text-decoration: none; 
  margin: 0.0; 
  padding: 0.0; 
  border-width: 0.0; 
  border-style: none; 
  display: inline; 
  list-style: disc; 
}
LEGEND {
  font-size: 1.0em; 
  line-height: 1.33em; 
  color: black; 
  word-spacing: normal; 
  letter-spacing: normal; 
  text-decoration: none; 
  text-transform: none; 
  text-align: left; 
  text-align: 0.0; 
  margin: 1.0px; 
  padding: 1.0px; 
  border-width: medium; 
  border-style: none; 
  display: inline; 
  white-space: normal; 
}
LI {
  text-decoration: none; 
  margin: 0.0; 
  padding: 0.0; 
  border-width: 0.0; 
  border-style: none; 
  display: list-item; 
  list-style: disc; 
  pitch: 113.0Hz; 
}
LINK {
  display: none; 
}
MAP {
  display: inline; 
}
MENU {
  text-decoration: none; 
  margin: 1.33em 0.0 1.33em 40.0px; 
  padding: 0.0; 
  border-width: 0.0; 
  border-style: none; 
  list-style: disc; 
}
META {
  display: none; 
}
NOFRAMES {
}
NOSCRIPT {
}
OBJECT {
  text-decoration: none; 
  margin: 0.0; 
  padding: 0.0; 
  border-width: 0.0; 
  border-style: none; 
  list-style: disc; 
}
OL {
  text-decoration: none; 
  margin: 1.33em 0.0 1.33em 40.0px; 
  padding: 0.0; 
  border-width: 0.0; 
  border-style: none; 
  list-style: disc; 
}
OL LI {
  list-style-type: decimal; 
}
OL OL {
}
OL OL LI {
  list-style-type: lower-alpha; 
}
OL OL OL LI {
  list-style-type: lower-roman; 
}
OL UL {
}
P {
  text-decoration: none; 
  margin: 1.33em 0.0; 
  padding: 0.0; 
  border-width: 0.0; 
  border-style: none; 
  list-style: disc; 
}
PARAM {
  display: none; 
}
PRE {
  font-family: monospace; 
  text-decoration: none; 
  margin: 0.0; 
  padding: 0.0; 
  border-width: 0.0; 
  border-style: none; 
  white-space: pre; 
  list-style: disc; 
  pitch: 113.0Hz; 
  pitch-range: 0.0%; 
  stress: 0.0%; 
}
Q {
  text-decoration: none; 
  margin: 0.0; 
  padding: 0.0; 
  border-width: 0.0; 
  border-style: none; 
  display: inline; 
  list-style: disc; 
}
S {
  text-decoration: line-through; 
  margin: 0.0; 
  padding: 0.0; 
  border-width: 0.0; 
  border-style: none; 
  display: inline; 
  list-style: disc; 
  richness: 0.0%; 
}
SAMP {
  font-family: monospace; 
  text-decoration: none; 
  margin: 0.0; 
  padding: 0.0; 
  border-width: 0.0; 
  border-style: none; 
  display: inline; 
  list-style: disc; 
}
SELECT {
  display: inline; 
}
SMALL {
  font-size: 0.83em; 
  text-decoration: none; 
  margin: 0.0; 
  padding: 0.0; 
  border-width: 0.0; 
  border-style: none; 
  display: inline; 
  list-style: disc; 
}
SPAN {
  text-decoration: none; 
  margin: 0.0; 
  padding: 0.0; 
  border-width: 0.0; 
  border-style: none; 
  display: inline; 
  list-style: disc; 
}
STRIKE {
  text-decoration: line-through; 
  margin: 0.0; 
  padding: 0.0; 
  border-width: 0.0; 
  border-style: none; 
  display: inline; 
  list-style: disc; 
  richness: 0.0%; 
}
STRONG {
  font-weight: bolder; 
  text-decoration: none; 
  margin: 0.0; 
  padding: 0.0; 
  border-width: 0.0; 
  border-style: none; 
  display: inline; 
  list-style: disc; 
  pitch: 113.0Hz; 
}
STYLE {
  display: none; 
}
SUB {
  font-size: 0.83em; 
  text-decoration: none; 
  vertical-align: sub; 
  margin: 0.0; 
  padding: 0.0; 
  border-width: 0.0; 
  border-style: none; 
  display: inline; 
  list-style: disc; 
}
SUP {
  font-size: 0.83em; 
  text-decoration: none; 
  vertical-align: super; 
  margin: 0.0; 
  padding: 0.0; 
  border-width: 0.0; 
  border-style: none; 
  display: inline; 
  list-style: disc; 
}
TABLE {
  text-decoration: none; 
  margin: 1.0px; 
  padding: 1.0px; 
  border-width: medium; 
  border-style: none; 
}
TBODY {
  text-decoration: none; 
  margin: 1.0px; 
  padding: 1.0px; 
  border-width: medium; 
  border-style: none; 
}
TD {
  font-size: 1.0em; 
  line-height: 1.33em; 
  color: black; 
  word-spacing: normal; 
  letter-spacing: normal; 
  text-decoration: none; 
  text-transform: none; 
  text-align: left; 
  text-align: 0.0; 
  margin: 1.0px; 
  padding: 1.0px; 
  border-width: medium; 
  border-style: none; 
  display: inline; 
  white-space: normal; 
}
TEXTAREA {
  display: inline; 
}
TFOOT {
  text-decoration: none; 
  margin: 1.0px; 
  padding: 1.0px; 
  border-width: medium; 
  border-style: none; 
}
TH {
  font-weight: bolder; 
  font-size: 1.0em; 
  line-height: 1.33em; 
  color: black; 
  word-spacing: normal; 
  letter-spacing: normal; 
  text-decoration: none; 
  text-transform: none; 
  text-align: center; 
  text-align: 0.0; 
  margin: 1.0px; 
  padding: 1.0px; 
  border-width: medium; 
  border-style: none; 
  display: inline; 
  white-space: normal; 
}
THEAD {
  text-decoration: none; 
  margin: 1.0px; 
  padding: 1.0px; 
  border-width: medium; 
  border-style: none; 
}
TITLE {
  display: none; 
}
TR {
  text-decoration: none; 
  margin: 1.0px; 
  padding: 1.0px; 
  border-width: medium; 
  border-style: none; 
}
TT {
  font-family: monospace; 
  text-decoration: none; 
  margin: 0.0; 
  padding: 0.0; 
  border-width: 0.0; 
  border-style: none; 
  display: inline; 
  list-style: disc; 
  pitch: 113.0Hz; 
  pitch-range: 0.0%; 
  stress: 0.0%; 
}
U {
  text-decoration: underline; 
  margin: 0.0; 
  padding: 0.0; 
  border-width: 0.0; 
  border-style: none; 
  display: inline; 
  list-style: disc; 
  richness: 0.0%; 
}
UL {
  text-decoration: none; 
  margin: 1.33em 0.0 1.33em 40.0px; 
  padding: 0.0; 
  border-width: 0.0; 
  border-style: none; 
  list-style: disc; 
}
UL OL {
}
UL UL {
}
VAR {
  font-style: italic; 
  text-decoration: none; 
  margin: 0.0; 
  padding: 0.0; 
  border-width: 0.0; 
  border-style: none; 
  display: inline; 
  list-style: disc; 
}

URL : file:/home/ian/CVS-local/WWW/Style/Group/css2-src/build/sample.src_xampl1.0.css
 Line : 175  Property content doesn't exist
 Line : 199  table is not a display value
 Line : 200  table-row is not a display value
 Line : 201  table-header-group is not a display value
 Line : 202  table-footer-group is not a display value
 Line : 203  table-row-group is not a display value
 Line : 204  table-column is not a display value
 Line : 205  table-column-group is not a display value
 Line : 206  table-cell is not a display value
 Line : 207  table-caption is not a display value
 Line : 278  20.0  only 0 can be a percentage
 Line : 278  90.0  only 0 can be a percentage
 Line : 279  90.0  only 0 can be a percentage
 Line : 280  80.0  only 0 can be a percentage
 Line : 281  70.0  only 0 can be a percentage
 Line : 282  60.0  only 0 can be a percentage
 Line : 283  50.0  only 0 can be a percentage
 Line : 284  40.0  only 0 can be a percentage
 Line : 286  60.0  only 0 can be a percentage
 Line : 287  80.0  only 0 can be a percentage
 Line : 292  80.0  only 0 can be a percentage
 Line : 294 attempt to find a semi-colon before the indent. add it Line : 0  60.0  only 0 can be a percentage
 Line : 294  60.0  only 0 can be a percentage
 Line : 294  50.0  only 0 can be a percentage
 Line : 295 attempt to find a semi-colon before the indent. add it Line : 0  60.0  only 0 can be a percentage
 Line : 295  90.0  only 0 can be a percentage
 Line : 295  90.0  only 0 can be a percentage
 Line : 296 attempt to find a semi-colon before the indent. add it Line : 0  60.0  only 0 can be a percentage
 Line : 296  60.0  only 0 can be a percentage
 Line : 298 attempt to find a semi-colon before the indent. add it Line : 0  60.0  only 0 can be a percentage
 Line : 298  60.0  only 0 can be a percentage
 Line : 298  50.0  only 0 can be a percentage
 Line : 299 attempt to find a semi-colon before the indent. add it Line : 0  60.0  only 0 can be a percentage
 Line : 299  90.0  only 0 can be a percentage
 Line : 299  90.0  only 0 can be a percentage
 Line : 303  80.0  only 0 can be a percentage



file : /home/ian/CVS-local/WWW/Style/Group/css2-src/build/selector.src_xampl1.1.css 
H1 {
  font-family: Helvetica; 
}

file : /home/ian/CVS-local/WWW/Style/Group/css2-src/build/selector.src_xampl10.1.css 
MATH P {
  text-align: 0.0; 
}

file : /home/ian/CVS-local/WWW/Style/Group/css2-src/build/selector.src_xampl10.2.css 
No error or warning found
H1 H2 {
  margin-top: -5.0mm; 
}

file : /home/ian/CVS-local/WWW/Style/Group/css2-src/build/selector.src_xampl11.1.css 
No error or warning found
H1.opener H2 {
  margin-top: -5.0mm; 
}

file : /home/ian/CVS-local/WWW/Style/Group/css2-src/build/selector.src_xampl12.1.css 
H1 {
  color: blue; 
}

file : /home/ian/CVS-local/WWW/Style/Group/css2-src/build/selector.src_xampl13.1.css 
SPAN {
  color: blue; 
}

file : /home/ian/CVS-local/WWW/Style/Group/css2-src/build/selector.src_xampl14.1.css 
SPAN {
  color: blue; 
}

file : /home/ian/CVS-local/WWW/Style/Group/css2-src/build/selector.src_xampl15.1.css 
No error or warning found

file : /home/ian/CVS-local/WWW/Style/Group/css2-src/build/selector.src_xampl16.1.css 
No error or warning found
 {
  display: none; 
}

file : /home/ian/CVS-local/WWW/Style/Group/css2-src/build/selector.src_xampl17.1.css 

URL : file:/home/ian/CVS-local/WWW/Style/Group/css2-src/build/selector.src_xampl17.1.css
 Line : 1 Parse error - unrecognized : |="en"] { color : red }



file : /home/ian/CVS-local/WWW/Style/Group/css2-src/build/selector.src_xampl18.1.css 
.pastoral {
  color: green; 
}

file : /home/ian/CVS-local/WWW/Style/Group/css2-src/build/selector.src_xampl18.2.css 
H1.pastoral {
  color: green; 
}

file : /home/ian/CVS-local/WWW/Style/Group/css2-src/build/selector.src_xampl18.3.css 
No error or warning found

file : /home/ian/CVS-local/WWW/Style/Group/css2-src/build/selector.src_xampl19.1.css 
P.marine {
  color: green; 
}

file : /home/ian/CVS-local/WWW/Style/Group/css2-src/build/selector.src_xampl19.2.css 
No error or warning found
P.juliet {
  voice-family: juliet, female; 
}
P.romeo {
  voice-family: romeo, male; 
}

file : /home/ian/CVS-local/WWW/Style/Group/css2-src/build/selector.src_xampl2.1.css 
EM {
  color: red; 
}
H1 {
  color: red; 
}

file : /home/ian/CVS-local/WWW/Style/Group/css2-src/build/selector.src_xampl2.3.css 
EM {
  color: red; 
}
H1 {
  color: red; 
}
H1 EM {
  color: blue; 
}

file : /home/ian/CVS-local/WWW/Style/Group/css2-src/build/selector.src_xampl20.1.css 
No error or warning found
H1#chapter1 {
  text-align: center; 
}

file : /home/ian/CVS-local/WWW/Style/Group/css2-src/build/selector.src_xampl22.1.css 
H1 {
  font-family: Helvetica; 
}
H2 {
  font-family: Helvetica; 
}
H3 {
  font-family: Helvetica; 
}

file : /home/ian/CVS-local/WWW/Style/Group/css2-src/build/selector.src_xampl22.2.css 
H1 {
  font-family: Helvetica; 
}
H2 {
  font-family: Helvetica; 
}
H3 {
  font-family: Helvetica; 
}

file : /home/ian/CVS-local/WWW/Style/Group/css2-src/build/selector.src_xampl23.0.css 
No error or warning found
P:first-line {
  font-variant: small-caps; 
}

file : /home/ian/CVS-local/WWW/Style/Group/css2-src/build/selector.src_xampl26.1.css 
P {
  font-size: 12.0pt; 
  color: red; 
}
P:first-letter {
  font-size: 200.0%; 
  color: green; 
}
P:first-line {
  color: blue; 
}

file : /home/ian/CVS-local/WWW/Style/Group/css2-src/build/selector.src_xampl26.2.css 
No error or warning found

file : /home/ian/CVS-local/WWW/Style/Group/css2-src/build/selector.src_xampl27.1.css 
BODY P:first-letter {
  color: purple; 
}

file : /home/ian/CVS-local/WWW/Style/Group/css2-src/build/selector.src_xampl28.1.css 
No error or warning found
A:link IMG {
  border-width: medium; 
  border-style: solid; 
  border-color: blue; 
}

file : /home/ian/CVS-local/WWW/Style/Group/css2-src/build/selector.src_xampl29.1.css 
A {
  color: yellow; 
}
A:active {
  color: lime; 
}
A:link {
  color: red; 
}
A:visited {
  color: blue; 
}

URL : file:/home/ian/CVS-local/WWW/Style/Group/css2-src/build/selector.src_xampl29.1.css
 Line : 3    Unknown pseudo-element or pseudo-class : hover



file : /home/ian/CVS-local/WWW/Style/Group/css2-src/build/selector.src_xampl29.2.css 
A:link {
  color: red; 
}

file : /home/ian/CVS-local/WWW/Style/Group/css2-src/build/selector.src_xampl3.1.css 
No error or warning found

file : /home/ian/CVS-local/WWW/Style/Group/css2-src/build/selector.src_xampl30.2.css 
A.external:visited {
  color: blue; 
}

file : /home/ian/CVS-local/WWW/Style/Group/css2-src/build/selector.src_xampl31.1.css 
P.note:first-letter {
  color: red; 
}

file : /home/ian/CVS-local/WWW/Style/Group/css2-src/build/selector.src_xampl4.1.css 
No error or warning found

file : /home/ian/CVS-local/WWW/Style/Group/css2-src/build/selector.src_xampl5.1.css 
No error or warning found
BODY P {
  line-height: 1.3; 
}

file : /home/ian/CVS-local/WWW/Style/Group/css2-src/build/selector.src_xampl6.1.css 
No error or warning found

file : /home/ian/CVS-local/WWW/Style/Group/css2-src/build/selector.src_xampl7.1.css 
DIV P:first-child {
  text-align: 0.0; 
}

file : /home/ian/CVS-local/WWW/Style/Group/css2-src/build/selector.src_xampl8.1.css 
P:first-child EM {
  font-weight: bold; 
}

file : /home/ian/CVS-local/WWW/Style/Group/css2-src/build/syndata.src_xampl1.1.css 
P {
  color: red; 
}

file : /home/ian/CVS-local/WWW/Style/Group/css2-src/build/syndata.src_xampl10.1.css 
H1 {
  margin: 0.5in; 
}
H2 {
  line-height: 3.0cm; 
}
H3 {
  word-spacing: 4.0mm; 
}
H4 {
  font-size: 1.0pc; 
}

file : /home/ian/CVS-local/WWW/Style/Group/css2-src/build/syndata.src_xampl11.1.css 
No error or warning found
P {
  font-size: 10.0pt; 
  line-height: 120.0%; 
}

file : /home/ian/CVS-local/WWW/Style/Group/css2-src/build/syndata.src_xampl12.1.css 
BODY {
  background: url(http://www.bg.com/pinkish.gif); 
}

file : /home/ian/CVS-local/WWW/Style/Group/css2-src/build/syndata.src_xampl13.1.css 
BODY {
  background: url(yellow); 
}

file : /home/ian/CVS-local/WWW/Style/Group/css2-src/build/syndata.src_xampl14.0.css 
BODY {
  color: black; 
  background: white; 
}
H1 {
  color: maroon; 
}
H2 {
  color: olive; 
}

file : /home/ian/CVS-local/WWW/Style/Group/css2-src/build/syndata.src_xampl15.0.css 
EM {
  color: rgb(255,0,0); 
}

file : /home/ian/CVS-local/WWW/Style/Group/css2-src/build/syndata.src_xampl16.0.css 
EM {
  color: rgb(255,0,0); 
}

file : /home/ian/CVS-local/WWW/Style/Group/css2-src/build/syndata.src_xampl18.0.css 
A {
  border-width: medium; 
  border-style: double; 
}

file : /home/ian/CVS-local/WWW/Style/Group/css2-src/build/syndata.src_xampl2.1.css 
H1 {
  font: bold 12.0pt/14.0pt Helvetica; 
}

file : /home/ian/CVS-local/WWW/Style/Group/css2-src/build/syndata.src_xampl2.2.css 
H1 {
  font: bold 12.0pt/14.0pt Helvetica; 
}

file : /home/ian/CVS-local/WWW/Style/Group/css2-src/build/syndata.src_xampl3.0.css 
EM EM {
  font-style: normal; 
}
H1 {
  color: red; 
}
P {
  font-variant: small-caps; 
  color: blue; 
}

file : /home/ian/CVS-local/WWW/Style/Group/css2-src/build/syndata.src_xampl4.0.css 
H1 {
  color: red; 
}

file : /home/ian/CVS-local/WWW/Style/Group/css2-src/build/syndata.src_xampl5.0.css 
No error or warning found
IMG {
  float: left; 
}

file : /home/ian/CVS-local/WWW/Style/Group/css2-src/build/syndata.src_xampl6.0.css 
H1 {
  color: blue; 
}

file : /home/ian/CVS-local/WWW/Style/Group/css2-src/build/syndata.src_xampl7.1.css 
H1 {
  margin: 1.0ex; 
}
P {
  font-size: 12.0px; 
}

file : /home/ian/CVS-local/WWW/Style/Group/css2-src/build/syndata.src_xampl8.1.css 
No error or warning found
H1 {
  line-height: 1.2em; 
}

file : /home/ian/CVS-local/WWW/Style/Group/css2-src/build/syndata.src_xampl8.2.css 
No error or warning found
H1 {
  font-size: 1.2em; 
}

file : /home/ian/CVS-local/WWW/Style/Group/css2-src/build/syndata.src_xampl9.1.css 
No error or warning found
BODY {
  font-size: 12.0pt; 
  text-align: 3.0em; 
}
H1 {
  font-size: 15.0pt; 
}

file : /home/ian/CVS-local/WWW/Style/Group/css2-src/build/tables.src_xampl1.2.css 
No error or warning found
TH {
  font-weight: bold; 
  text-align: center; 
}

file : /home/ian/CVS-local/WWW/Style/Group/css2-src/build/tables.src_xampl1.3.css 
No error or warning found
TD {
  vertical-align: middle; 
}
TH {
}

file : /home/ian/CVS-local/WWW/Style/Group/css2-src/build/tables.src_xampl1.4.css 
TR#row1 {
  border-top: 3.0px solid blue; 
}
TR#row2 {
  border-top: 1.0px solid black; 
}
TR#row3 {
  border-top: 1.0px solid black; 
}

URL : file:/home/ian/CVS-local/WWW/Style/Group/css2-src/build/tables.src_xampl1.4.css
 Line : 1  Property border-spacing doesn't exist



file : /home/ian/CVS-local/WWW/Style/Group/css2-src/build/tables.src_xampl1.5.css 

URL : file:/home/ian/CVS-local/WWW/Style/Group/css2-src/build/tables.src_xampl1.5.css
 Line : 1  Property caption-side doesn't exist



file : /home/ian/CVS-local/WWW/Style/Group/css2-src/build/tables.src_xampl1.6.css 

URL : file:/home/ian/CVS-local/WWW/Style/Group/css2-src/build/tables.src_xampl1.6.css
 Line : 1  Property speak-header doesn't exist



file : /home/ian/CVS-local/WWW/Style/Group/css2-src/build/tables.src_xampl1.7.css 

URL : file:/home/ian/CVS-local/WWW/Style/Group/css2-src/build/tables.src_xampl1.7.css
 Line : 1  Property speak-header doesn't exist



file : /home/ian/CVS-local/WWW/Style/Group/css2-src/build/tables.src_xampl10.1.css 
CAPTION {
  vertical-align: middle; 
  text-align: left; 
}

URL : file:/home/ian/CVS-local/WWW/Style/Group/css2-src/build/tables.src_xampl10.1.css
 Line : 1  Property caption-side doesn't exist



file : /home/ian/CVS-local/WWW/Style/Group/css2-src/build/tables.src_xampl11.1.css 
No error or warning found
BODY {
  margin-left: 8.0em; 
}
CAPTION {
  vertical-align: bottom; 
  text-align: right; 
  margin-left: -8.0em; 
  width: 8.0em; 
}
TABLE {
  margin-right: auto; 
  margin-left: auto; 
}

file : /home/ian/CVS-local/WWW/Style/Group/css2-src/build/tables.src_xampl13.1.css 
TD :before {
  text-align: right; 
}

URL : file:/home/ian/CVS-local/WWW/Style/Group/css2-src/build/tables.src_xampl13.1.css
 Line : 1  "." is not a text-align value
 Line : 2  Property content doesn't exist



file : /home/ian/CVS-local/WWW/Style/Group/css2-src/build/tables.src_xampl13.3.css 

file : /home/ian/CVS-local/WWW/Style/Group/css2-src/build/tables.src_xampl14.1.css 
TABLE {
  border-width: 10.0pt; 
  border-style: outset; 
}
TD {
  border-width: 5.0pt; 
  border-style: inset; 
}
TD.special {
  border-width: 10.0pt; 
  border-style: inset; 
}

URL : file:/home/ian/CVS-local/WWW/Style/Group/css2-src/build/tables.src_xampl14.1.css
 Line : 1  Property border-spacing doesn't exist



file : /home/ian/CVS-local/WWW/Style/Group/css2-src/build/tables.src_xampl15.1.css 
No error or warning found
#col1 {
  border-width: 1.0px; 
  border-style: solid; 
  border-color: black; 
}
TABLE {
  border-width: 5.0px; 
  border-style: solid; 
  border-color: yellow; 
}
TD {
  border-width: 5.0px; 
  border-style: solid; 
  border-color: red; 
}
TD.solid-blue {
  border-width: 11.0px; 
  border-style: solid; 
  border-color: blue; 
}
TD.solid-green {
  border-width: 7.0px; 
  border-style: solid; 
  border-color: green; 
}

file : /home/ian/CVS-local/WWW/Style/Group/css2-src/build/tables.src_xampl16.1.css 
TR {
  border-top: medium solid; 
}

URL : file:/home/ian/CVS-local/WWW/Style/Group/css2-src/build/tables.src_xampl16.1.css
 Line : 2  Too many values, or values are incorrect



file : /home/ian/CVS-local/WWW/Style/Group/css2-src/build/tables.src_xampl16.2.css 
TR {
  border-top: medium solid; 
}
TR:first-child {
  border-top: medium none; 
}

file : /home/ian/CVS-local/WWW/Style/Group/css2-src/build/tables.src_xampl2.0.css 

URL : file:/home/ian/CVS-local/WWW/Style/Group/css2-src/build/tables.src_xampl2.0.css
 Line : 1  table is not a display value
 Line : 2  table-caption is not a display value



file : /home/ian/CVS-local/WWW/Style/Group/css2-src/build/tables.src_xampl3.0.css 

URL : file:/home/ian/CVS-local/WWW/Style/Group/css2-src/build/tables.src_xampl3.0.css
 Line : 1  table is not a display value
 Line : 2  table-row is not a display value
 Line : 3  table-header-group is not a display value
 Line : 4  table-footer-group is not a display value
 Line : 5  table-row-group is not a display value
 Line : 6  table-column is not a display value
 Line : 7  table-column-group is not a display value
 Line : 8  table-cell is not a display value
 Line : 9  table-caption is not a display value



file : /home/ian/CVS-local/WWW/Style/Group/css2-src/build/tables.src_xampl4.2.css 

URL : file:/home/ian/CVS-local/WWW/Style/Group/css2-src/build/tables.src_xampl4.2.css
 Line : 1  table-row is not a display value
 Line : 2  table-cell is not a display value



file : /home/ian/CVS-local/WWW/Style/Group/css2-src/build/tables.src_xampl5.2.css 
D {
  font-weight: bolder; 
  display: inline; 
}

URL : file:/home/ian/CVS-local/WWW/Style/Group/css2-src/build/tables.src_xampl5.2.css
 Line : 1  inline-table is not a display value
 Line : 2  table-row is not a display value



file : /home/ian/CVS-local/WWW/Style/Group/css2-src/build/tables.src_xampl6.0.css 
TR.row1 TD {
  color: red; 
}

file : /home/ian/CVS-local/WWW/Style/Group/css2-src/build/tables.src_xampl7.0.css 
COL.col3 TD {
  color: blue; 
}

file : /home/ian/CVS-local/WWW/Style/Group/css2-src/build/tables.src_xampl8.0.css 
TR.row1 COL.col3 TD {
  color: green; 
}

file : /home/ian/CVS-local/WWW/Style/Group/css2-src/build/tables.src_xampl9.0.css 
TD#one-cell {
  color: green; 
}

file : /home/ian/CVS-local/WWW/Style/Group/css2-src/build/text.src_xampl1.1.css 
No error or warning found
P {
  text-align: 3.0em; 
}

file : /home/ian/CVS-local/WWW/Style/Group/css2-src/build/text.src_xampl10.0.css 

URL : file:/home/ian/CVS-local/WWW/Style/Group/css2-src/build/text.src_xampl10.0.css
 Line : 1  Property content doesn't exist



file : /home/ian/CVS-local/WWW/Style/Group/css2-src/build/text.src_xampl2.1.css 
No error or warning found
DIV.center {
  text-align: center; 
}

file : /home/ian/CVS-local/WWW/Style/Group/css2-src/build/text.src_xampl3.1.css 
No error or warning found
A:active {
  text-decoration: underline; 
}
A:link {
  text-decoration: underline; 
}
A:visited {
  text-decoration: underline; 
}

file : /home/ian/CVS-local/WWW/Style/Group/css2-src/build/text.src_xampl4.1.css 

URL : file:/home/ian/CVS-local/WWW/Style/Group/css2-src/build/text.src_xampl4.1.css
 Line : 1  Property text-shadow doesn't exist



file : /home/ian/CVS-local/WWW/Style/Group/css2-src/build/text.src_xampl4.2.css 

URL : file:/home/ian/CVS-local/WWW/Style/Group/css2-src/build/text.src_xampl4.2.css
 Line : 1  Property text-shadow doesn't exist



file : /home/ian/CVS-local/WWW/Style/Group/css2-src/build/text.src_xampl4.3.css 

URL : file:/home/ian/CVS-local/WWW/Style/Group/css2-src/build/text.src_xampl4.3.css
 Line : 1  Property text-shadow doesn't exist



file : /home/ian/CVS-local/WWW/Style/Group/css2-src/build/text.src_xampl5.1.css 
SPAN.glow {
  color: white; 
  background: white; 
}

URL : file:/home/ian/CVS-local/WWW/Style/Group/css2-src/build/text.src_xampl5.1.css
 Line : 4  Property text-shadow doesn't exist



file : /home/ian/CVS-local/WWW/Style/Group/css2-src/build/text.src_xampl6.1.css 
No error or warning found
BLOCKQUOTE {
  letter-spacing: 0.1em; 
}

file : /home/ian/CVS-local/WWW/Style/Group/css2-src/build/text.src_xampl6.2.css 
BLOCKQUOTE {
  letter-spacing: 0.0; 
}

file : /home/ian/CVS-local/WWW/Style/Group/css2-src/build/text.src_xampl7.1.css 
No error or warning found
H1 {
  word-spacing: 1.0em; 
}

file : /home/ian/CVS-local/WWW/Style/Group/css2-src/build/text.src_xampl8.1.css 
No error or warning found
H1 {
  text-transform: uppercase; 
}

file : /home/ian/CVS-local/WWW/Style/Group/css2-src/build/text.src_xampl9.1.css 
No error or warning found
P {
  white-space: normal; 
}
PRE {
  white-space: pre; 
}

file : /home/ian/CVS-local/WWW/Style/Group/css2-src/build/ui.src_xampl1.1.css 

URL : file:/home/ian/CVS-local/WWW/Style/Group/css2-src/build/ui.src_xampl1.1.css
 Line : 1  Property cursor doesn't exist



file : /home/ian/CVS-local/WWW/Style/Group/css2-src/build/ui.src_xampl2.1.css 

URL : file:/home/ian/CVS-local/WWW/Style/Group/css2-src/build/ui.src_xampl2.1.css
 Line : 1  windowtext is not a color value
 Line : 1  window is not a color value



file : /home/ian/CVS-local/WWW/Style/Group/css2-src/build/visudet.src_xampl1.1.css 
No error or warning found
H1 {
  margin-top: 2.0em; 
}

file : /home/ian/CVS-local/WWW/Style/Group/css2-src/build/visudet.src_xampl10.1.css 
H1 {
  background: white; 
  padding: 1.0em 2.0em; 
}

file : /home/ian/CVS-local/WWW/Style/Group/css2-src/build/visudet.src_xampl11.1.css 
No error or warning found
H1 {
  border-width: thick; 
  border-style: solid; 
  border-color: red; 
}
P {
  border-width: thick; 
  border-style: solid; 
  border-color: blue; 
}

file : /home/ian/CVS-local/WWW/Style/Group/css2-src/build/visudet.src_xampl11.2.css 
No error or warning found
H1 {
  border-width: 0.5em; 
  border-style: solid; 
}

file : /home/ian/CVS-local/WWW/Style/Group/css2-src/build/visudet.src_xampl12.1.css 
H1 {
  border-width: thin thick medium; 
}

file : /home/ian/CVS-local/WWW/Style/Group/css2-src/build/visudet.src_xampl13.1.css 
P {
  color: black; 
  background: white; 
  border-width: medium; 
  border-style: solid; 
}

file : /home/ian/CVS-local/WWW/Style/Group/css2-src/build/visudet.src_xampl14.1.css 
No error or warning found
#xy34 {
  border-style: solid dotted; 
}

file : /home/ian/CVS-local/WWW/Style/Group/css2-src/build/visudet.src_xampl15.1.css 
No error or warning found
H1 {
  border-bottom: thick solid red; 
}

file : /home/ian/CVS-local/WWW/Style/Group/css2-src/build/visudet.src_xampl15.2.css 
No error or warning found
H1 {
  border-bottom: thick solid; 
}

file : /home/ian/CVS-local/WWW/Style/Group/css2-src/build/visudet.src_xampl16.1.css 
P {
  border-width: medium; 
  border-style: solid; 
  border-color: red; 
}

file : /home/ian/CVS-local/WWW/Style/Group/css2-src/build/visudet.src_xampl17.1.css 
BLOCKQUOTE {
  color: black; 
  border-top-color: red; 
  border-right-color: red; 
  border-bottom-color: red; 
  border-left-width: medium; 
  border-left-style: double; 
}

file : /home/ian/CVS-local/WWW/Style/Group/css2-src/build/visudet.src_xampl18.1.css 
No error or warning found
IMG.icon {
  width: 100.0px; 
}

file : /home/ian/CVS-local/WWW/Style/Group/css2-src/build/visudet.src_xampl19.1.css 
No error or warning found
IMG.icon {
  height: 100.0px; 
}

file : /home/ian/CVS-local/WWW/Style/Group/css2-src/build/visudet.src_xampl2.1.css 
No error or warning found
H1 {
  margin-right: 12.3%; 
}

file : /home/ian/CVS-local/WWW/Style/Group/css2-src/build/visudet.src_xampl20.1.css 
DIV {
  font-size: 10.0pt; 
  line-height: 120.0%; 
}

file : /home/ian/CVS-local/WWW/Style/Group/css2-src/build/visudet.src_xampl3.1.css 
No error or warning found
H1 {
  margin-bottom: 3.0px; 
}

file : /home/ian/CVS-local/WWW/Style/Group/css2-src/build/visudet.src_xampl4.1.css 
No error or warning found
H1 {
  margin-left: 2.0em; 
}

file : /home/ian/CVS-local/WWW/Style/Group/css2-src/build/visudet.src_xampl5.1.css 
BODY {
  margin: 1.0em 2.0em 3.0em; 
}

file : /home/ian/CVS-local/WWW/Style/Group/css2-src/build/visudet.src_xampl5.2.css 
No error or warning found
BODY {
  margin: 1.0em 2.0em 3.0em; 
}

file : /home/ian/CVS-local/WWW/Style/Group/css2-src/build/visudet.src_xampl6.1.css 
No error or warning found
BLOCKQUOTE {
  padding-top: 0.3em; 
}

file : /home/ian/CVS-local/WWW/Style/Group/css2-src/build/visudet.src_xampl7.1.css 
No error or warning found
BLOCKQUOTE {
  padding-right: 10.0px; 
}

file : /home/ian/CVS-local/WWW/Style/Group/css2-src/build/visudet.src_xampl8.1.css 
No error or warning found
BLOCKQUOTE {
  padding-bottom: 2.0em; 
}

file : /home/ian/CVS-local/WWW/Style/Group/css2-src/build/visudet.src_xampl9.1.css 
No error or warning found
BLOCKQUOTE {
  padding-left: 20.0%; 
}

file : /home/ian/CVS-local/WWW/Style/Group/css2-src/build/visufx.src_xampl1.1.css 
#overlay {
  border-width: thin; 
  border-style: solid; 
  border-color: red; 
  width: 100.0px; 
  height: 100.0px; 
}

URL : file:/home/ian/CVS-local/WWW/Style/Group/css2-src/build/visufx.src_xampl1.1.css
 Line : 1  Property position doesn't exist
 Line : 1  Property top doesn't exist
 Line : 1  Property left doesn't exist



file : /home/ian/CVS-local/WWW/Style/Group/css2-src/build/visufx.src_xampl4.1.css 

URL : file:/home/ian/CVS-local/WWW/Style/Group/css2-src/build/visufx.src_xampl4.1.css
 Line : 1  Property clip doesn't exist
 Line : 2  Property clip doesn't exist



file : /home/ian/CVS-local/WWW/Style/Group/css2-src/build/visuren.src_xampl1.1.css 
No error or warning found
EM {
  display: inline; 
}
IMG {
  display: none; 
}
LI {
  display: list-item; 
}
P {
}

file : /home/ian/CVS-local/WWW/Style/Group/css2-src/build/visuren.src_xampl11.1.css 
No error or warning found
H1 {
  clear: left; 
}

file : /home/ian/CVS-local/WWW/Style/Group/css2-src/build/visuren.src_xampl15.0.css 
#inner {
  color: blue; 
  width: 130.0px; 
  float: right; 
}
#sibling {
  color: red; 
}

file : /home/ian/CVS-local/WWW/Style/Group/css2-src/build/visuren.src_xampl16.0.css 
#inner {
  color: blue; 
  width: 130.0px; 
  float: right; 
}
#sibling {
  color: red; 
  clear: right; 
}

file : /home/ian/CVS-local/WWW/Style/Group/css2-src/build/visuren.src_xampl17.0.css 
#inner {
  color: blue; 
}
#outer {
  color: red; 
  width: 200.0px; 
}

URL : file:/home/ian/CVS-local/WWW/Style/Group/css2-src/build/visuren.src_xampl17.0.css
 Line : 1  Property position doesn't exist
 Line : 2  Property top doesn't exist
 Line : 3  Property left doesn't exist



file : /home/ian/CVS-local/WWW/Style/Group/css2-src/build/visuren.src_xampl18.0.css 
#inner {
  color: blue; 
  width: 130.0px; 
  height: 130.0px; 
}
#outer {
  color: red; 
}

URL : file:/home/ian/CVS-local/WWW/Style/Group/css2-src/build/visuren.src_xampl18.0.css
 Line : 1  Property position doesn't exist
 Line : 2  Property position doesn't exist
 Line : 3  Property top doesn't exist
 Line : 4  Property left doesn't exist



file : /home/ian/CVS-local/WWW/Style/Group/css2-src/build/visuren.src_xampl19.0.css 
#inner {
  color: blue; 
  width: 130.0px; 
  height: 130.0px; 
}
#outer {
  color: red; 
}

URL : file:/home/ian/CVS-local/WWW/Style/Group/css2-src/build/visuren.src_xampl19.0.css
 Line : 2  Property position doesn't exist
 Line : 2  Property top doesn't exist
 Line : 2  Property left doesn't exist



file : /home/ian/CVS-local/WWW/Style/Group/css2-src/build/visuren.src_xampl5.1.css 

URL : file:/home/ian/CVS-local/WWW/Style/Group/css2-src/build/visuren.src_xampl5.1.css
 Line : 2  Property position doesn't exist
 Line : 3 Parse error - unrecognized : @media print  { H1#first { position: normal }



file : /home/ian/CVS-local/WWW/Style/Group/css2-src/build/visuren.src_xampl8.1.css 

URL : file:/home/ian/CVS-local/WWW/Style/Group/css2-src/build/visuren.src_xampl8.1.css
 Line : 1  Property direction doesn't exist
 Line : 1  Property unicode-bidi doesn't exist
 Line : 2  Property direction doesn't exist
 Line : 2  Property unicode-bidi doesn't exist
 Line : 5  Property direction doesn't exist
 Line : 5  Property unicode-bidi doesn't exist
 Line : 6  Property direction doesn't exist
 Line : 6  Property unicode-bidi doesn't exist



file : /home/ian/CVS-local/WWW/Style/Group/css2-src/build/visuren.src_xampl9.1.css 
No error or warning found
IMG.icon {
  float: left; 
}

